Received x:0 and y:0 with color WHITE
Received x:1 and y:1 with color WHITE
Received x:2 and y:2 with color WHITE
Received x:3 and y:3 with color RED
Received x:4 and y:4 with color RED
Received x:5 and y:5 with color RED
Received x:6 and y:6 with color RED
Received x:7 and y:7 with color RED
Received x:8 and y:8 with color RED
Received x:9 and y:9 with color GREEN
Received x:10 and y:10 with color GREEN
Received x:11 and y:11 with color GREEN
Received x:11 and y:11 with color RED
Received x:12 and y:12 with color RED
Received x:13 and y:13 with color RED
Received x:14 and y:14 with color RED
Received x:15 and y:15 with color RED
Received x:16 and y:16 with color RED
Received x:17 and y:17 with color RED
Received x:18 and y:18 with color YELLOW
Received x:19 and y:19 with color YELLOW
Received x:20 and y:20 with color YELLOW
Received x:21 and y:21 with color YELLOW
Received x:22 and y:22 with color YELLOW
Received x:23 and y:23 with color YELLOW
Received x:24 and y:24 with color YELLOW
Received x:25 and y:25 with color BLUE
Received x:26 and y:26 with color BLUE
Received x:27 and y:27 with color BLUE
Received x:28 and y:28 with color BLUE
Received x:29 and y:29 with color BLUE
Received x:30 and y:28 with color BLUE
Received x:31 and y:27 with color BLUE
Received x:31 and y:27 with color BLUE
Received x:32 and y:26 with color BLUE
Received x:33 and y:25 with color BLUE
Received x:34 and y:24 with color YELLOW
Received x:35 and y:23 with color YELLOW
Received x:36 and y:22 with color YELLOW
Received x:37 and y:21 with color YELLOW
Received x:38 and y:20 with color YELLOW
Received x:39 and y:19 with color YELLOW
Received x:40 and y:18 with color YELLOW
Received x:41 and y:17 with color YELLOW
Received x:42 and y:16 with color RED
Received x:43 and y:15 with color RED
Received x:44 and y:14 with color RED
Received x:45 and y:13 with color RED
Received x:46 and y:12 with color RED
Received x:47 and y:11 with color RED
Received x:48 and y:10 with color RED
Received x:49 and y:9 with color RED
Received x:49 and y:9 with color GREEN
Received x:50 and y:8 with color GREEN
Received x:51 and y:7 with color RED
Received x:52 and y:6 with color RED
Received x:53 and y:5 with color RED
Received x:54 and y:4 with color RED
Received x:55 and y:3 with color RED
Received x:56 and y:2 with color RED
Received x:56 and y:2 with color WHITE
Received x:57 and y:1 with color WHITE
Received x:58 and y:0 with color WHITE
Saving to ../test.bmp
Received x:68 and y:5 with color BLUE
Received x:68 and y:6 with color BLUE
Received x:68 and y:7 with color BLUE
Received x:68 and y:8 with color BLUE
Received x:68 and y:9 with color BLUE
Received x:68 and y:10 with color BLUE
Received x:68 and y:11 with color BLUE
Received x:68 and y:12 with color BLUE
Received x:69 and y:13 with color BLUE
Received x:68 and y:13 with color BLUE
Received x:71 and y:13 with color BLUE
Received x:72 and y:13 with color BLUE
Received x:70 and y:13 with color BLUE
Received x:73 and y:12 with color BLUE
Received x:74 and y:12 with color BLUE
Received x:73 and y:13 with color BLUE
Received x:75 and y:12 with color BLUE
Received x:75 and y:11 with color BLUE
Received x:75 and y:9 with color BLUE
Received x:75 and y:10 with color BLUE
Received x:73 and y:9 with color BLUE
Received x:72 and y:8 with color BLUE
Received x:73 and y:7 with color BLUE
Received x:74 and y:7 with color BLUE
Received x:75 and y:7 with color BLUE
Received x:75 and y:5 with color BLUE
Received x:75 and y:6 with color BLUE
Received x:75 and y:4 with color BLUE
Received x:74 and y:4 with color BLUE
Received x:73 and y:4 with color BLUE
Received x:72 and y:4 with color BLUE
Received x:71 and y:4 with color BLUE
Received x:70 and y:4 with color BLUE
Received x:69 and y:4 with color BLUE
Received x:68 and y:4 with color BLUE
Received x:74 and y:13 with color BLUE
Received x:74 and y:13 with color BLUE
Received x:74 and y:13 with color BLUE
Received x:75 and y:13 with color BLUE
Received x:75 and y:13 with color BLUE
Received x:74 and y:9 with color BLUE
Received x:73 and y:8 with color BLUE
Received x:73 and y:12 with color BLACK
Received x:74 and y:12 with color BLACK
Received x:76 and y:12 with color BLUE
Received x:77 and y:11 with color BLUE
Received x:77 and y:10 with color BLUE
Received x:76 and y:9 with color BLUE
Received x:76 and y:10 with color BLUE
Received x:76 and y:11 with color BLUE
Received x:76 and y:6 with color BLUE
Received x:77 and y:5 with color BLUE
Received x:76 and y:5 with color BLUE
Received x:76 and y:4 with color BLUE
Received x:76 and y:7 with color BLUE
Received x:76 and y:7 with color BLACK
Received x:72 and y:8 with color BLACK
Received x:73 and y:9 with color BLACK
Received x:73 and y:7 with color BLACK
Received x:74 and y:8 with color BLUE
Received x:73 and y:8 with color BLACK
Received x:73 and y:8 with color BLUE
Received x:73 and y:9 with color BLUE
Received x:82 and y:4 with color BLUE
Received x:83 and y:4 with color BLUE
Received x:84 and y:4 with color BLUE
Received x:85 and y:4 with color BLUE
Received x:86 and y:4 with color BLUE
Received x:87 and y:4 with color BLUE
Received x:88 and y:4 with color BLUE
Received x:89 and y:4 with color BLUE
Received x:90 and y:4 with color BLUE
Received x:89 and y:4 with color BLUE
Received x:88 and y:4 with color BLUE
Received x:86 and y:4 with color BLUE
Received x:85 and y:4 with color BLUE
Received x:82 and y:5 with color BLUE
Received x:82 and y:6 with color BLUE
Received x:82 and y:8 with color BLUE
Received x:82 and y:8 with color BLUE
Received x:82 and y:10 with color BLUE
Received x:82 and y:11 with color BLUE
Received x:82 and y:12 with color BLUE
Received x:82 and y:13 with color BLUE
Received x:82 and y:13 with color BLUE
Received x:82 and y:8 with color BLUE
Received x:82 and y:9 with color BLUE
Received x:82 and y:7 with color BLUE
Received x:83 and y:8 with color BLUE
Received x:84 and y:8 with color BLUE
Received x:85 and y:8 with color BLUE
Received x:86 and y:8 with color BLUE
Received x:87 and y:8 with color BLUE
Received x:88 and y:8 with color BLUE
Received x:89 and y:8 with color BLUE
Received x:90 and y:13 with color BLUE
Received x:89 and y:13 with color BLUE
Received x:88 and y:13 with color BLUE
Received x:87 and y:13 with color BLUE
Received x:86 and y:13 with color BLUE
Received x:85 and y:13 with color BLUE
Received x:84 and y:13 with color BLUE
Received x:83 and y:13 with color BLUE
Received x:90 and y:8 with color BLUE
Received x:68 and y:15 with color BLUE
Received x:68 and y:16 with color BLUE
Received x:68 and y:17 with color BLUE
Received x:68 and y:18 with color BLUE
Received x:68 and y:19 with color BLUE
Received x:68 and y:20 with color BLUE
Received x:68 and y:21 with color BLUE
Received x:68 and y:22 with color BLUE
Received x:68 and y:23 with color BLUE
Received x:69 and y:23 with color BLUE
Received x:71 and y:23 with color BLUE
Received x:72 and y:23 with color BLUE
Received x:73 and y:23 with color BLUE
Received x:74 and y:23 with color BLUE
Received x:74 and y:23 with color BLUE
Received x:76 and y:23 with color BLUE
Received x:76 and y:23 with color BLUE
Received x:77 and y:23 with color BLUE
Received x:74 and y:23 with color BLUE
Received x:75 and y:23 with color BLUE
Received x:74 and y:23 with color BLUE
Received x:73 and y:23 with color BLUE
Received x:72 and y:23 with color BLUE
Received x:71 and y:23 with color BLUE
Received x:70 and y:23 with color BLUE
Received x:70 and y:23 with color BLUE
Received x:81 and y:23 with color BLUE
Received x:81 and y:22 with color BLUE
Received x:81 and y:20 with color BLUE
Received x:81 and y:20 with color BLUE
Received x:81 and y:19 with color BLUE
Received x:81 and y:18 with color BLUE
Received x:81 and y:17 with color BLUE
Received x:81 and y:16 with color BLUE
Received x:81 and y:15 with color BLUE
Received x:82 and y:15 with color BLUE
Received x:83 and y:15 with color BLUE
Received x:84 and y:15 with color BLUE
Received x:85 and y:15 with color BLUE
Received x:86 and y:15 with color BLUE
Received x:87 and y:15 with color BLUE
Received x:88 and y:15 with color BLUE
Received x:90 and y:15 with color BLUE
Received x:89 and y:15 with color BLUE
Received x:81 and y:21 with color BLUE
Received x:82 and y:23 with color BLUE
Received x:83 and y:23 with color BLUE
Received x:84 and y:23 with color BLUE
Received x:85 and y:23 with color BLUE
Received x:86 and y:23 with color BLUE
Received x:87 and y:23 with color BLUE
Received x:88 and y:23 with color BLUE
Received x:89 and y:23 with color BLUE
Received x:90 and y:23 with color BLUE
Received x:91 and y:23 with color BLUE
Received x:90 and y:22 with color BLUE
Received x:90 and y:21 with color BLUE
Received x:90 and y:20 with color BLUE
Received x:90 and y:19 with color BLUE
Received x:90 and y:18 with color BLUE
Received x:90 and y:17 with color BLUE
Received x:90 and y:16 with color BLUE
Received x:91 and y:23 with color BLACK
Received x:81 and y:13 with color BLUE
Received x:81 and y:12 with color BLUE
Received x:81 and y:11 with color BLUE
Received x:81 and y:10 with color BLUE
Received x:81 and y:9 with color BLUE
Received x:81 and y:8 with color BLUE
Received x:81 and y:7 with color BLUE
Received x:81 and y:6 with color BLUE
Received x:81 and y:5 with color BLUE
Received x:81 and y:4 with color BLUE
Received x:70 and y:22 with color BLUE
Received x:69 and y:22 with color BLUE
Received x:69 and y:21 with color BLUE
Received x:69 and y:20 with color BLUE
Received x:69 and y:19 with color BLUE
Received x:69 and y:18 with color BLUE
Received x:69 and y:17 with color BLUE
Received x:69 and y:16 with color BLUE
Received x:69 and y:16 with color BLUE
Received x:69 and y:15 with color BLUE
Received x:70 and y:22 with color BLACK
Received x:68 and y:25 with color BLUE
Received x:68 and y:25 with color BLUE
Received x:69 and y:25 with color BLUE
Received x:69 and y:25 with color BLUE
Received x:70 and y:25 with color BLUE
Received x:71 and y:25 with color BLUE
Received x:72 and y:25 with color BLUE
Received x:73 and y:25 with color BLUE
Received x:74 and y:25 with color BLUE
Received x:75 and y:25 with color BLUE
Received x:76 and y:25 with color BLUE
Received x:77 and y:25 with color BLUE
Received x:72 and y:26 with color BLUE
Received x:73 and y:26 with color BLUE
Received x:72 and y:27 with color BLUE
Received x:73 and y:27 with color BLUE
Received x:72 and y:28 with color BLUE
Received x:73 and y:28 with color BLUE
Received x:72 and y:29 with color BLUE
Received x:73 and y:29 with color BLUE
Received x:81 and y:25 with color BLUE
Received x:81 and y:26 with color BLUE
Received x:81 and y:27 with color BLUE
Received x:81 and y:28 with color BLUE
Received x:81 and y:29 with color BLUE
Received x:81 and y:29 with color BLUE
Received x:82 and y:25 with color BLUE
Received x:82 and y:26 with color BLUE
Received x:82 and y:27 with color BLUE
Received x:82 and y:28 with color BLUE
Received x:82 and y:29 with color BLUE
Received x:82 and y:29 with color BLUE
Received x:83 and y:29 with color BLUE
Received x:84 and y:29 with color BLUE
Received x:84 and y:28 with color BLUE
Received x:85 and y:28 with color BLUE
Received x:86 and y:27 with color BLUE
Received x:87 and y:26 with color BLUE
Received x:88 and y:25 with color BLUE
Received x:89 and y:25 with color BLUE
Received x:90 and y:25 with color BLUE
Received x:90 and y:27 with color BLUE
Received x:90 and y:27 with color BLUE
Received x:90 and y:27 with color BLUE
Received x:90 and y:28 with color BLUE
Received x:90 and y:29 with color BLUE
Received x:90 and y:29 with color BLUE
Received x:90 and y:29 with color BLUE
Received x:90 and y:28 with color BLUE
Received x:90 and y:26 with color BLUE
Received x:90 and y:26 with color BLUE
Received x:90 and y:25 with color BLUE
Received x:89 and y:26 with color BLUE
Received x:88 and y:26 with color BLUE
Received x:87 and y:27 with color BLUE
Received x:86 and y:28 with color BLUE
Received x:85 and y:29 with color BLUE
Received x:83 and y:29 with color BLACK
Received x:84 and y:29 with color BLACK
Received x:85 and y:29 with color BLACK
Received x:85 and y:29 with color BLACK
Received x:85 and y:28 with color BLACK
Received x:84 and y:28 with color BLACK
Received x:85 and y:28 with color BLACK
Received x:86 and y:28 with color BLACK
Received x:87 and y:28 with color BLACK
Received x:87 and y:28 with color BLACK
Received x:87 and y:27 with color BLACK
Received x:86 and y:26 with color BLACK
Received x:86 and y:26 with color BLACK
Received x:86 and y:27 with color BLACK
Received x:87 and y:26 with color BLACK
Received x:88 and y:26 with color BLACK
Received x:88 and y:25 with color BLACK
Received x:89 and y:25 with color BLACK
Received x:89 and y:26 with color BLACK
Received x:89 and y:25 with color BLUE
Received x:89 and y:25 with color BLUE
Received x:89 and y:25 with color BLUE
Received x:89 and y:26 with color BLUE
Received x:89 and y:27 with color BLUE
Received x:89 and y:28 with color BLUE
Received x:89 and y:29 with color BLUE
Received x:83 and y:25 with color BLUE
Received x:84 and y:26 with color BLUE
Received x:85 and y:27 with color BLUE
Received x:86 and y:28 with color BLUE
Received x:87 and y:29 with color BLUE
Received x:88 and y:29 with color BLUE
Received x:87 and y:28 with color BLUE
Received x:86 and y:27 with color BLUE
Received x:85 and y:26 with color BLUE
Received x:84 and y:25 with color BLUE
Received x:91 and y:25 with color BLUE
Received x:91 and y:26 with color BLUE
Received x:91 and y:27 with color BLUE
Received x:91 and y:28 with color BLUE
Received x:91 and y:29 with color BLUE
Received x:91 and y:25 with color BLACK
Received x:91 and y:26 with color BLACK
Received x:91 and y:27 with color BLACK
Received x:91 and y:28 with color BLACK
Received x:91 and y:29 with color BLACK
Received x:91 and y:29 with color BLACK
Saving to ../test.bmp
Received x:84 and y:25 with color BLACK
Received x:83 and y:26 with color BLUE
Saving to ../test.bmp
